[1.677s] Invoking command in '/home/hs/capstone/src/nexus': PYTHONPATH=/home/hs/capstone/build/nexus/prefix_override:/usr/lib/python3/dist-packages/colcon_core/task/python/colcon_distutils_commands:/home/hs/capstone/install/nexus/lib/python3.10/site-packages:${PYTHONPATH} /usr/bin/python3 -W ignore:setup.py install is deprecated -W ignore:easy_install command is deprecated setup.py egg_info --egg-base ../../build/nexus build --build-base /home/hs/capstone/build/nexus/build install --record /home/hs/capstone/build/nexus/install.log --single-version-externally-managed install_data
[2.165s] running egg_info
[2.166s] writing ../../build/nexus/nexus.egg-info/PKG-INFO
[2.166s] writing dependency_links to ../../build/nexus/nexus.egg-info/dependency_links.txt
[2.167s] writing entry points to ../../build/nexus/nexus.egg-info/entry_points.txt
[2.167s] writing requirements to ../../build/nexus/nexus.egg-info/requires.txt
[2.167s] writing top-level names to ../../build/nexus/nexus.egg-info/top_level.txt
[2.171s] reading manifest file '../../build/nexus/nexus.egg-info/SOURCES.txt'
[2.173s] writing manifest file '../../build/nexus/nexus.egg-info/SOURCES.txt'
[2.173s] running build
[2.173s] running build_py
[2.174s] running install
[2.174s] running install_lib
[2.176s] running install_data
[2.176s] running install_egg_info
[2.179s] removing '/home/hs/capstone/install/nexus/lib/python3.10/site-packages/nexus-0.0.0-py3.10.egg-info' (and everything under it)
[2.179s] Copying ../../build/nexus/nexus.egg-info to /home/hs/capstone/install/nexus/lib/python3.10/site-packages/nexus-0.0.0-py3.10.egg-info
[2.180s] running install_scripts
[2.212s] Installing control_nexus script to /home/hs/capstone/install/nexus/lib/nexus
[2.212s] Installing joy_to_cmd_vel script to /home/hs/capstone/install/nexus/lib/nexus
[2.212s] Installing odom_monitor script to /home/hs/capstone/install/nexus/lib/nexus
[2.212s] Installing odom_serial_node script to /home/hs/capstone/install/nexus/lib/nexus
[2.213s] Installing test script to /home/hs/capstone/install/nexus/lib/nexus
[2.213s] Installing wheel_encoder script to /home/hs/capstone/install/nexus/lib/nexus
[2.213s] writing list of installed files to '/home/hs/capstone/build/nexus/install.log'
[2.273s] Invoked command in '/home/hs/capstone/src/nexus' returned '0': PYTHONPATH=/home/hs/capstone/build/nexus/prefix_override:/usr/lib/python3/dist-packages/colcon_core/task/python/colcon_distutils_commands:/home/hs/capstone/install/nexus/lib/python3.10/site-packages:${PYTHONPATH} /usr/bin/python3 -W ignore:setup.py install is deprecated -W ignore:easy_install command is deprecated setup.py egg_info --egg-base ../../build/nexus build --build-base /home/hs/capstone/build/nexus/build install --record /home/hs/capstone/build/nexus/install.log --single-version-externally-managed install_data
