[0.968s] Invoking command in '/home/hs/capstone/build/sllidar_ros2': CMAKE_PREFIX_PATH=/home/hs/mm_ws/install/urdf_tutorial:/home/hs/ros2_study/install/mecanum_serial:/home/hs/ros2_urdf/install/urdf_tutorial:/opt/ros/humble /usr/local/bin/cmake --build /home/hs/capstone/build/sllidar_ros2 -- -j8 -l8
[1.014s] [ 10%] Built target sllidar_client
[1.035s] [100%] Built target sllidar_node
[1.043s] Invoked command in '/home/hs/capstone/build/sllidar_ros2' returned '0': CMAKE_PREFIX_PATH=/home/hs/mm_ws/install/urdf_tutorial:/home/hs/ros2_study/install/mecanum_serial:/home/hs/ros2_urdf/install/urdf_tutorial:/opt/ros/humble /usr/local/bin/cmake --build /home/hs/capstone/build/sllidar_ros2 -- -j8 -l8
[1.050s] Invoking command in '/home/hs/capstone/build/sllidar_ros2': CMAKE_PREFIX_PATH=/home/hs/mm_ws/install/urdf_tutorial:/home/hs/ros2_study/install/mecanum_serial:/home/hs/ros2_urdf/install/urdf_tutorial:/opt/ros/humble /usr/local/bin/cmake --install /home/hs/capstone/build/sllidar_ros2
[1.054s] -- Install configuration: ""
[1.055s] -- Up-to-date: /home/hs/capstone/install/sllidar_ros2/share/sllidar_ros2/launch
[1.055s] -- Up-to-date: /home/hs/capstone/install/sllidar_ros2/share/sllidar_ros2/launch/sllidar_s3_launch.py
[1.055s] -- Up-to-date: /home/hs/capstone/install/sllidar_ros2/share/sllidar_ros2/launch/view_sllidar_s1_tcp_launch.py
[1.055s] -- Up-to-date: /home/hs/capstone/install/sllidar_ros2/share/sllidar_ros2/launch/view_sllidar_a2m12_launch.py
[1.055s] -- Up-to-date: /home/hs/capstone/install/sllidar_ros2/share/sllidar_ros2/launch/sllidar_a2m8_launch.py
[1.055s] -- Up-to-date: /home/hs/capstone/install/sllidar_ros2/share/sllidar_ros2/launch/sllidar_a2m12_launch .py
[1.055s] -- Up-to-date: /home/hs/capstone/install/sllidar_ros2/share/sllidar_ros2/launch/sllidar_c1_launch.py
[1.056s] -- Up-to-date: /home/hs/capstone/install/sllidar_ros2/share/sllidar_ros2/launch/view_sllidar_s3_launch.py
[1.056s] -- Up-to-date: /home/hs/capstone/install/sllidar_ros2/share/sllidar_ros2/launch/view_sllidar_a2m8_launch.py
[1.056s] -- Up-to-date: /home/hs/capstone/install/sllidar_ros2/share/sllidar_ros2/launch/view_sllidar_s2e_launch.py
[1.056s] -- Up-to-date: /home/hs/capstone/install/sllidar_ros2/share/sllidar_ros2/launch/view_sllidar_s2_launch.py
[1.056s] -- Up-to-date: /home/hs/capstone/install/sllidar_ros2/share/sllidar_ros2/launch/view_sllidar_a3_launch.py
[1.056s] -- Up-to-date: /home/hs/capstone/install/sllidar_ros2/share/sllidar_ros2/launch/view_sllidar_s1_launch.py
[1.056s] -- Up-to-date: /home/hs/capstone/install/sllidar_ros2/share/sllidar_ros2/launch/view_sllidar_c1_launch.py
[1.057s] -- Up-to-date: /home/hs/capstone/install/sllidar_ros2/share/sllidar_ros2/launch/view_sllidar_a1_launch.py
[1.057s] -- Up-to-date: /home/hs/capstone/install/sllidar_ros2/share/sllidar_ros2/launch/view_sllidar_a2m7_launch.py
[1.057s] -- Up-to-date: /home/hs/capstone/install/sllidar_ros2/share/sllidar_ros2/launch/sllidar_a2m7_launch.py
[1.057s] -- Up-to-date: /home/hs/capstone/install/sllidar_ros2/share/sllidar_ros2/launch/sllidar_a1_launch.py
[1.057s] -- Up-to-date: /home/hs/capstone/install/sllidar_ros2/share/sllidar_ros2/launch/sllidar_a3_launch.py
[1.057s] -- Up-to-date: /home/hs/capstone/install/sllidar_ros2/share/sllidar_ros2/launch/sllidar_s2_launch.py
[1.057s] -- Up-to-date: /home/hs/capstone/install/sllidar_ros2/share/sllidar_ros2/launch/sllidar_s1_tcp_launch.py
[1.057s] -- Up-to-date: /home/hs/capstone/install/sllidar_ros2/share/sllidar_ros2/launch/sllidar_s2e_launch.py
[1.057s] -- Up-to-date: /home/hs/capstone/install/sllidar_ros2/share/sllidar_ros2/launch/sllidar_s1_launch.py
[1.058s] -- Up-to-date: /home/hs/capstone/install/sllidar_ros2/share/sllidar_ros2/launch/sllidar_t1_launch.py
[1.058s] -- Up-to-date: /home/hs/capstone/install/sllidar_ros2/share/sllidar_ros2/launch/view_sllidar_t1_launch.py
[1.058s] -- Up-to-date: /home/hs/capstone/install/sllidar_ros2/share/sllidar_ros2/rviz
[1.058s] -- Up-to-date: /home/hs/capstone/install/sllidar_ros2/share/sllidar_ros2/rviz/sllidar_ros2.rviz
[1.058s] -- Up-to-date: /home/hs/capstone/install/sllidar_ros2/lib/sllidar_ros2/sllidar_node
[1.058s] -- Up-to-date: /home/hs/capstone/install/sllidar_ros2/lib/sllidar_ros2/sllidar_client
[1.058s] -- Up-to-date: /home/hs/capstone/install/sllidar_ros2/share/ament_index/resource_index/package_run_dependencies/sllidar_ros2
[1.058s] -- Up-to-date: /home/hs/capstone/install/sllidar_ros2/share/ament_index/resource_index/parent_prefix_path/sllidar_ros2
[1.058s] -- Up-to-date: /home/hs/capstone/install/sllidar_ros2/share/sllidar_ros2/environment/ament_prefix_path.sh
[1.059s] -- Up-to-date: /home/hs/capstone/install/sllidar_ros2/share/sllidar_ros2/environment/ament_prefix_path.dsv
[1.059s] -- Up-to-date: /home/hs/capstone/install/sllidar_ros2/share/sllidar_ros2/environment/path.sh
[1.059s] -- Up-to-date: /home/hs/capstone/install/sllidar_ros2/share/sllidar_ros2/environment/path.dsv
[1.059s] -- Up-to-date: /home/hs/capstone/install/sllidar_ros2/share/sllidar_ros2/local_setup.bash
[1.059s] -- Up-to-date: /home/hs/capstone/install/sllidar_ros2/share/sllidar_ros2/local_setup.sh
[1.059s] -- Up-to-date: /home/hs/capstone/install/sllidar_ros2/share/sllidar_ros2/local_setup.zsh
[1.059s] -- Up-to-date: /home/hs/capstone/install/sllidar_ros2/share/sllidar_ros2/local_setup.dsv
[1.059s] -- Installing: /home/hs/capstone/install/sllidar_ros2/share/sllidar_ros2/package.dsv
[1.059s] -- Up-to-date: /home/hs/capstone/install/sllidar_ros2/share/ament_index/resource_index/packages/sllidar_ros2
[1.060s] -- Up-to-date: /home/hs/capstone/install/sllidar_ros2/share/sllidar_ros2/cmake/ament_cmake_export_dependencies-extras.cmake
[1.060s] -- Up-to-date: /home/hs/capstone/install/sllidar_ros2/share/sllidar_ros2/cmake/ament_cmake_export_include_directories-extras.cmake
[1.060s] -- Up-to-date: /home/hs/capstone/install/sllidar_ros2/share/sllidar_ros2/cmake/sllidar_ros2Config.cmake
[1.060s] -- Up-to-date: /home/hs/capstone/install/sllidar_ros2/share/sllidar_ros2/cmake/sllidar_ros2Config-version.cmake
[1.060s] -- Up-to-date: /home/hs/capstone/install/sllidar_ros2/share/sllidar_ros2/package.xml
[1.061s] Invoked command in '/home/hs/capstone/build/sllidar_ros2' returned '0': CMAKE_PREFIX_PATH=/home/hs/mm_ws/install/urdf_tutorial:/home/hs/ros2_study/install/mecanum_serial:/home/hs/ros2_urdf/install/urdf_tutorial:/opt/ros/humble /usr/local/bin/cmake --install /home/hs/capstone/build/sllidar_ros2
