[0.220s] DEBUG:colcon:Command line arguments: ['/usr/bin/colcon', 'build']
[0.220s] DEBUG:colcon:Parsed command line arguments: Namespace(log_base=None, log_level=None, verb_name='build', build_base='build', install_base='install', merge_install=False, symlink_install=False, test_result_base=None, continue_on_error=False, executor='parallel', parallel_workers=8, event_handlers=None, ignore_user_meta=False, metas=['./colcon.meta'], base_paths=['.'], packages_ignore=None, packages_ignore_regex=None, paths=None, packages_up_to=None, packages_up_to_regex=None, packages_above=None, packages_above_and_dependencies=None, packages_above_depth=None, packages_select_by_dep=None, packages_skip_by_dep=None, packages_skip_up_to=None, packages_select_build_failed=False, packages_skip_build_finished=False, packages_select_test_failures=False, packages_skip_test_passed=False, packages_select=None, packages_skip=None, packages_select_regex=None, packages_skip_regex=None, packages_start=None, packages_end=None, allow_overriding=[], cmake_args=None, cmake_target=None, cmake_target_skip_unavailable=False, cmake_clean_cache=False, cmake_clean_first=False, cmake_force_configure=False, ament_cmake_args=None, catkin_cmake_args=None, catkin_skip_building_tests=False, mixin_files=None, mixin=None, verb_parser=<colcon_mixin.mixin.mixin_argument.MixinArgumentDecorator object at 0x77142d99d1b0>, verb_extension=<colcon_core.verb.build.BuildVerb object at 0x77142d99ca30>, main=<bound method BuildVerb.main of <colcon_core.verb.build.BuildVerb object at 0x77142d99ca30>>, mixin_verb=('build',))
[0.567s] Level 1:colcon.colcon_core.package_discovery:discover_packages(colcon_meta) check parameters
[0.567s] Level 1:colcon.colcon_core.package_discovery:discover_packages(recursive) check parameters
[0.567s] Level 1:colcon.colcon_core.package_discovery:discover_packages(ignore) check parameters
[0.567s] Level 1:colcon.colcon_core.package_discovery:discover_packages(path) check parameters
[0.567s] Level 1:colcon.colcon_core.package_discovery:discover_packages(colcon_meta) discover
[0.568s] Level 1:colcon.colcon_core.package_discovery:discover_packages(recursive) discover
[0.568s] INFO:colcon.colcon_core.package_discovery:Crawling recursively for packages in '/home/hs/capstone'
[0.568s] Level 1:colcon.colcon_core.package_identification:_identify(.) by extensions ['ignore', 'ignore_ament_install']
[0.568s] Level 1:colcon.colcon_core.package_identification:_identify(.) by extension 'ignore'
[0.568s] Level 1:colcon.colcon_core.package_identification:_identify(.) by extension 'ignore_ament_install'
[0.568s] Level 1:colcon.colcon_core.package_identification:_identify(.) by extensions ['colcon_pkg']
[0.568s] Level 1:colcon.colcon_core.package_identification:_identify(.) by extension 'colcon_pkg'
[0.568s] Level 1:colcon.colcon_core.package_identification:_identify(.) by extensions ['colcon_meta']
[0.568s] Level 1:colcon.colcon_core.package_identification:_identify(.) by extension 'colcon_meta'
[0.568s] Level 1:colcon.colcon_core.package_identification:_identify(.) by extensions ['ros']
[0.568s] Level 1:colcon.colcon_core.package_identification:_identify(.) by extension 'ros'
[0.619s] Level 1:colcon.colcon_core.package_identification:_identify(.) by extensions ['cmake', 'python']
[0.619s] Level 1:colcon.colcon_core.package_identification:_identify(.) by extension 'cmake'
[0.619s] Level 1:colcon.colcon_core.package_identification:_identify(.) by extension 'python'
[0.619s] Level 1:colcon.colcon_core.package_identification:_identify(.) by extensions ['python_setup_py']
[0.619s] Level 1:colcon.colcon_core.package_identification:_identify(.) by extension 'python_setup_py'
[0.619s] Level 1:colcon.colcon_core.package_identification:_identify(build) by extensions ['ignore', 'ignore_ament_install']
[0.619s] Level 1:colcon.colcon_core.package_identification:_identify(build) by extension 'ignore'
[0.620s] Level 1:colcon.colcon_core.package_identification:_identify(build) ignored
[0.620s] Level 1:colcon.colcon_core.package_identification:_identify(install) by extensions ['ignore', 'ignore_ament_install']
[0.620s] Level 1:colcon.colcon_core.package_identification:_identify(install) by extension 'ignore'
[0.620s] Level 1:colcon.colcon_core.package_identification:_identify(install) ignored
[0.620s] Level 1:colcon.colcon_core.package_identification:_identify(log) by extensions ['ignore', 'ignore_ament_install']
[0.620s] Level 1:colcon.colcon_core.package_identification:_identify(log) by extension 'ignore'
[0.620s] Level 1:colcon.colcon_core.package_identification:_identify(log) ignored
[0.620s] Level 1:colcon.colcon_core.package_identification:_identify(src) by extensions ['ignore', 'ignore_ament_install']
[0.620s] Level 1:colcon.colcon_core.package_identification:_identify(src) by extension 'ignore'
[0.621s] Level 1:colcon.colcon_core.package_identification:_identify(src) by extension 'ignore_ament_install'
[0.621s] Level 1:colcon.colcon_core.package_identification:_identify(src) by extensions ['colcon_pkg']
[0.621s] Level 1:colcon.colcon_core.package_identification:_identify(src) by extension 'colcon_pkg'
[0.621s] Level 1:colcon.colcon_core.package_identification:_identify(src) by extensions ['colcon_meta']
[0.621s] Level 1:colcon.colcon_core.package_identification:_identify(src) by extension 'colcon_meta'
[0.621s] Level 1:colcon.colcon_core.package_identification:_identify(src) by extensions ['ros']
[0.621s] Level 1:colcon.colcon_core.package_identification:_identify(src) by extension 'ros'
[0.621s] Level 1:colcon.colcon_core.package_identification:_identify(src) by extensions ['cmake', 'python']
[0.621s] Level 1:colcon.colcon_core.package_identification:_identify(src) by extension 'cmake'
[0.621s] Level 1:colcon.colcon_core.package_identification:_identify(src) by extension 'python'
[0.621s] Level 1:colcon.colcon_core.package_identification:_identify(src) by extensions ['python_setup_py']
[0.621s] Level 1:colcon.colcon_core.package_identification:_identify(src) by extension 'python_setup_py'
[0.621s] Level 1:colcon.colcon_core.package_identification:_identify(src/bno055) by extensions ['ignore', 'ignore_ament_install']
[0.622s] Level 1:colcon.colcon_core.package_identification:_identify(src/bno055) by extension 'ignore'
[0.622s] Level 1:colcon.colcon_core.package_identification:_identify(src/bno055) by extension 'ignore_ament_install'
[0.622s] Level 1:colcon.colcon_core.package_identification:_identify(src/bno055) by extensions ['colcon_pkg']
[0.622s] Level 1:colcon.colcon_core.package_identification:_identify(src/bno055) by extension 'colcon_pkg'
[0.622s] Level 1:colcon.colcon_core.package_identification:_identify(src/bno055) by extensions ['colcon_meta']
[0.622s] Level 1:colcon.colcon_core.package_identification:_identify(src/bno055) by extension 'colcon_meta'
[0.622s] Level 1:colcon.colcon_core.package_identification:_identify(src/bno055) by extensions ['ros']
[0.622s] Level 1:colcon.colcon_core.package_identification:_identify(src/bno055) by extension 'ros'
[0.626s] DEBUG:colcon.colcon_core.package_identification:Package 'src/bno055' with type 'ros.ament_python' and name 'bno055'
[0.626s] Level 1:colcon.colcon_core.package_identification:_identify(src/nexus) by extensions ['ignore', 'ignore_ament_install']
[0.627s] Level 1:colcon.colcon_core.package_identification:_identify(src/nexus) by extension 'ignore'
[0.627s] Level 1:colcon.colcon_core.package_identification:_identify(src/nexus) by extension 'ignore_ament_install'
[0.627s] Level 1:colcon.colcon_core.package_identification:_identify(src/nexus) by extensions ['colcon_pkg']
[0.627s] Level 1:colcon.colcon_core.package_identification:_identify(src/nexus) by extension 'colcon_pkg'
[0.627s] Level 1:colcon.colcon_core.package_identification:_identify(src/nexus) by extensions ['colcon_meta']
[0.627s] Level 1:colcon.colcon_core.package_identification:_identify(src/nexus) by extension 'colcon_meta'
[0.627s] Level 1:colcon.colcon_core.package_identification:_identify(src/nexus) by extensions ['ros']
[0.627s] Level 1:colcon.colcon_core.package_identification:_identify(src/nexus) by extension 'ros'
[0.629s] DEBUG:colcon.colcon_core.package_identification:Package 'src/nexus' with type 'ros.ament_python' and name 'nexus'
[0.629s] Level 1:colcon.colcon_core.package_identification:_identify(src/sllidar_ros2) by extensions ['ignore', 'ignore_ament_install']
[0.629s] Level 1:colcon.colcon_core.package_identification:_identify(src/sllidar_ros2) by extension 'ignore'
[0.629s] Level 1:colcon.colcon_core.package_identification:_identify(src/sllidar_ros2) by extension 'ignore_ament_install'
[0.629s] Level 1:colcon.colcon_core.package_identification:_identify(src/sllidar_ros2) by extensions ['colcon_pkg']
[0.629s] Level 1:colcon.colcon_core.package_identification:_identify(src/sllidar_ros2) by extension 'colcon_pkg'
[0.629s] Level 1:colcon.colcon_core.package_identification:_identify(src/sllidar_ros2) by extensions ['colcon_meta']
[0.629s] Level 1:colcon.colcon_core.package_identification:_identify(src/sllidar_ros2) by extension 'colcon_meta'
[0.629s] Level 1:colcon.colcon_core.package_identification:_identify(src/sllidar_ros2) by extensions ['ros']
[0.629s] Level 1:colcon.colcon_core.package_identification:_identify(src/sllidar_ros2) by extension 'ros'
[0.630s] DEBUG:colcon.colcon_core.package_identification:Package 'src/sllidar_ros2' with type 'ros.ament_cmake' and name 'sllidar_ros2'
[0.630s] Level 1:colcon.colcon_core.package_discovery:discover_packages(recursive) using defaults
[0.630s] Level 1:colcon.colcon_core.package_discovery:discover_packages(ignore) discover
[0.631s] Level 1:colcon.colcon_core.package_discovery:discover_packages(ignore) using defaults
[0.631s] Level 1:colcon.colcon_core.package_discovery:discover_packages(path) discover
[0.631s] Level 1:colcon.colcon_core.package_discovery:discover_packages(path) using defaults
[0.663s] Level 1:colcon.colcon_core.package_discovery:discover_packages(prefix_path) check parameters
[0.664s] Level 1:colcon.colcon_core.package_discovery:discover_packages(prefix_path) discover
[0.667s] DEBUG:colcon.colcon_installed_package_information.package_discovery:Found 1 installed packages in /home/hs/mm_ws/install
[0.667s] DEBUG:colcon.colcon_installed_package_information.package_discovery:Found 1 installed packages in /home/hs/ros2_study/install
[0.668s] DEBUG:colcon.colcon_installed_package_information.package_discovery:Found 1 installed packages in /home/hs/ros2_urdf/install
[0.671s] DEBUG:colcon.colcon_installed_package_information.package_discovery:Found 453 installed packages in /opt/ros/humble
[0.675s] Level 1:colcon.colcon_core.package_discovery:discover_packages(prefix_path) using defaults
[0.804s] Level 5:colcon.colcon_core.verb:set package 'bno055' build argument 'cmake_args' from command line to 'None'
[0.804s] Level 5:colcon.colcon_core.verb:set package 'bno055' build argument 'cmake_target' from command line to 'None'
[0.804s] Level 5:colcon.colcon_core.verb:set package 'bno055' build argument 'cmake_target_skip_unavailable' from command line to 'False'
[0.804s] Level 5:colcon.colcon_core.verb:set package 'bno055' build argument 'cmake_clean_cache' from command line to 'False'
[0.804s] Level 5:colcon.colcon_core.verb:set package 'bno055' build argument 'cmake_clean_first' from command line to 'False'
[0.804s] Level 5:colcon.colcon_core.verb:set package 'bno055' build argument 'cmake_force_configure' from command line to 'False'
[0.804s] Level 5:colcon.colcon_core.verb:set package 'bno055' build argument 'ament_cmake_args' from command line to 'None'
[0.804s] Level 5:colcon.colcon_core.verb:set package 'bno055' build argument 'catkin_cmake_args' from command line to 'None'
[0.804s] Level 5:colcon.colcon_core.verb:set package 'bno055' build argument 'catkin_skip_building_tests' from command line to 'False'
[0.804s] DEBUG:colcon.colcon_core.verb:Building package 'bno055' with the following arguments: {'ament_cmake_args': None, 'build_base': '/home/hs/capstone/build/bno055', 'catkin_cmake_args': None, 'catkin_skip_building_tests': False, 'cmake_args': None, 'cmake_clean_cache': False, 'cmake_clean_first': False, 'cmake_force_configure': False, 'cmake_target': None, 'cmake_target_skip_unavailable': False, 'install_base': '/home/hs/capstone/install/bno055', 'merge_install': False, 'path': '/home/hs/capstone/src/bno055', 'symlink_install': False, 'test_result_base': None}
[0.805s] Level 5:colcon.colcon_core.verb:set package 'nexus' build argument 'cmake_args' from command line to 'None'
[0.805s] Level 5:colcon.colcon_core.verb:set package 'nexus' build argument 'cmake_target' from command line to 'None'
[0.805s] Level 5:colcon.colcon_core.verb:set package 'nexus' build argument 'cmake_target_skip_unavailable' from command line to 'False'
[0.805s] Level 5:colcon.colcon_core.verb:set package 'nexus' build argument 'cmake_clean_cache' from command line to 'False'
[0.805s] Level 5:colcon.colcon_core.verb:set package 'nexus' build argument 'cmake_clean_first' from command line to 'False'
[0.805s] Level 5:colcon.colcon_core.verb:set package 'nexus' build argument 'cmake_force_configure' from command line to 'False'
[0.805s] Level 5:colcon.colcon_core.verb:set package 'nexus' build argument 'ament_cmake_args' from command line to 'None'
[0.805s] Level 5:colcon.colcon_core.verb:set package 'nexus' build argument 'catkin_cmake_args' from command line to 'None'
[0.805s] Level 5:colcon.colcon_core.verb:set package 'nexus' build argument 'catkin_skip_building_tests' from command line to 'False'
[0.805s] DEBUG:colcon.colcon_core.verb:Building package 'nexus' with the following arguments: {'ament_cmake_args': None, 'build_base': '/home/hs/capstone/build/nexus', 'catkin_cmake_args': None, 'catkin_skip_building_tests': False, 'cmake_args': None, 'cmake_clean_cache': False, 'cmake_clean_first': False, 'cmake_force_configure': False, 'cmake_target': None, 'cmake_target_skip_unavailable': False, 'install_base': '/home/hs/capstone/install/nexus', 'merge_install': False, 'path': '/home/hs/capstone/src/nexus', 'symlink_install': False, 'test_result_base': None}
[0.806s] Level 5:colcon.colcon_core.verb:set package 'sllidar_ros2' build argument 'cmake_args' from command line to 'None'
[0.806s] Level 5:colcon.colcon_core.verb:set package 'sllidar_ros2' build argument 'cmake_target' from command line to 'None'
[0.806s] Level 5:colcon.colcon_core.verb:set package 'sllidar_ros2' build argument 'cmake_target_skip_unavailable' from command line to 'False'
[0.806s] Level 5:colcon.colcon_core.verb:set package 'sllidar_ros2' build argument 'cmake_clean_cache' from command line to 'False'
[0.806s] Level 5:colcon.colcon_core.verb:set package 'sllidar_ros2' build argument 'cmake_clean_first' from command line to 'False'
[0.806s] Level 5:colcon.colcon_core.verb:set package 'sllidar_ros2' build argument 'cmake_force_configure' from command line to 'False'
[0.806s] Level 5:colcon.colcon_core.verb:set package 'sllidar_ros2' build argument 'ament_cmake_args' from command line to 'None'
[0.806s] Level 5:colcon.colcon_core.verb:set package 'sllidar_ros2' build argument 'catkin_cmake_args' from command line to 'None'
[0.806s] Level 5:colcon.colcon_core.verb:set package 'sllidar_ros2' build argument 'catkin_skip_building_tests' from command line to 'False'
[0.806s] DEBUG:colcon.colcon_core.verb:Building package 'sllidar_ros2' with the following arguments: {'ament_cmake_args': None, 'build_base': '/home/hs/capstone/build/sllidar_ros2', 'catkin_cmake_args': None, 'catkin_skip_building_tests': False, 'cmake_args': None, 'cmake_clean_cache': False, 'cmake_clean_first': False, 'cmake_force_configure': False, 'cmake_target': None, 'cmake_target_skip_unavailable': False, 'install_base': '/home/hs/capstone/install/sllidar_ros2', 'merge_install': False, 'path': '/home/hs/capstone/src/sllidar_ros2', 'symlink_install': False, 'test_result_base': None}
[0.806s] INFO:colcon.colcon_core.executor:Executing jobs using 'parallel' executor
[0.808s] DEBUG:colcon.colcon_parallel_executor.executor.parallel:run_until_complete
[0.808s] INFO:colcon.colcon_ros.task.ament_python.build:Building ROS package in '/home/hs/capstone/src/bno055' with build type 'ament_python'
[0.808s] Level 1:colcon.colcon_core.shell:create_environment_hook('bno055', 'ament_prefix_path')
[0.813s] INFO:colcon.colcon_core.plugin_system:Skipping extension 'colcon_core.shell.bat': Not used on non-Windows systems
[0.813s] INFO:colcon.colcon_core.shell:Creating environment hook '/home/hs/capstone/install/bno055/share/bno055/hook/ament_prefix_path.ps1'
[0.814s] INFO:colcon.colcon_core.shell:Creating environment descriptor '/home/hs/capstone/install/bno055/share/bno055/hook/ament_prefix_path.dsv'
[0.815s] INFO:colcon.colcon_core.shell:Creating environment hook '/home/hs/capstone/install/bno055/share/bno055/hook/ament_prefix_path.sh'
[0.816s] INFO:colcon.colcon_core.shell:Skip shell extension 'powershell' for command environment: Not usable outside of PowerShell
[0.816s] DEBUG:colcon.colcon_core.shell:Skip shell extension 'dsv' for command environment
[0.822s] INFO:colcon.colcon_ros.task.ament_python.build:Building ROS package in '/home/hs/capstone/src/nexus' with build type 'ament_python'
[0.822s] Level 1:colcon.colcon_core.shell:create_environment_hook('nexus', 'ament_prefix_path')
[0.823s] INFO:colcon.colcon_core.shell:Creating environment hook '/home/hs/capstone/install/nexus/share/nexus/hook/ament_prefix_path.ps1'
[0.823s] INFO:colcon.colcon_core.shell:Creating environment descriptor '/home/hs/capstone/install/nexus/share/nexus/hook/ament_prefix_path.dsv'
[0.824s] INFO:colcon.colcon_core.shell:Creating environment hook '/home/hs/capstone/install/nexus/share/nexus/hook/ament_prefix_path.sh'
[0.825s] INFO:colcon.colcon_core.shell:Skip shell extension 'powershell' for command environment: Not usable outside of PowerShell
[0.825s] DEBUG:colcon.colcon_core.shell:Skip shell extension 'dsv' for command environment
[0.830s] INFO:colcon.colcon_ros.task.ament_cmake.build:Building ROS package in '/home/hs/capstone/src/sllidar_ros2' with build type 'ament_cmake'
[0.831s] INFO:colcon.colcon_cmake.task.cmake.build:Building CMake package in '/home/hs/capstone/src/sllidar_ros2'
[0.831s] INFO:colcon.colcon_core.shell:Skip shell extension 'powershell' for command environment: Not usable outside of PowerShell
[0.831s] DEBUG:colcon.colcon_core.shell:Skip shell extension 'dsv' for command environment
[1.318s] INFO:colcon.colcon_core.task.python.build:Building Python package in '/home/hs/capstone/src/bno055'
[1.319s] INFO:colcon.colcon_core.shell:Skip shell extension 'powershell' for command environment: Not usable outside of PowerShell
[1.319s] DEBUG:colcon.colcon_core.shell:Skip shell extension 'dsv' for command environment
[1.787s] INFO:colcon.colcon_core.task.python.build:Building Python package in '/home/hs/capstone/src/nexus'
[1.788s] INFO:colcon.colcon_core.shell:Skip shell extension 'powershell' for command environment: Not usable outside of PowerShell
[1.788s] DEBUG:colcon.colcon_core.shell:Skip shell extension 'dsv' for command environment
[1.800s] DEBUG:colcon.colcon_core.event_handler.log_command:Invoking command in '/home/hs/capstone/build/sllidar_ros2': CMAKE_PREFIX_PATH=/home/hs/mm_ws/install/urdf_tutorial:/home/hs/ros2_study/install/mecanum_serial:/home/hs/ros2_urdf/install/urdf_tutorial:/opt/ros/humble /usr/local/bin/cmake --build /home/hs/capstone/build/sllidar_ros2 -- -j8 -l8
[1.874s] DEBUG:colcon.colcon_core.event_handler.log_command:Invoked command in '/home/hs/capstone/build/sllidar_ros2' returned '0': CMAKE_PREFIX_PATH=/home/hs/mm_ws/install/urdf_tutorial:/home/hs/ros2_study/install/mecanum_serial:/home/hs/ros2_urdf/install/urdf_tutorial:/opt/ros/humble /usr/local/bin/cmake --build /home/hs/capstone/build/sllidar_ros2 -- -j8 -l8
[1.882s] DEBUG:colcon.colcon_core.event_handler.log_command:Invoking command in '/home/hs/capstone/build/sllidar_ros2': CMAKE_PREFIX_PATH=/home/hs/mm_ws/install/urdf_tutorial:/home/hs/ros2_study/install/mecanum_serial:/home/hs/ros2_urdf/install/urdf_tutorial:/opt/ros/humble /usr/local/bin/cmake --install /home/hs/capstone/build/sllidar_ros2
[1.892s] Level 1:colcon.colcon_core.environment:create_environment_scripts_only(sllidar_ros2)
[1.892s] DEBUG:colcon.colcon_core.event_handler.log_command:Invoked command in '/home/hs/capstone/build/sllidar_ros2' returned '0': CMAKE_PREFIX_PATH=/home/hs/mm_ws/install/urdf_tutorial:/home/hs/ros2_study/install/mecanum_serial:/home/hs/ros2_urdf/install/urdf_tutorial:/opt/ros/humble /usr/local/bin/cmake --install /home/hs/capstone/build/sllidar_ros2
[1.899s] Level 1:colcon.colcon_core.environment:checking '/home/hs/capstone/install/sllidar_ros2' for CMake module files
[1.899s] Level 1:colcon.colcon_core.environment:checking '/home/hs/capstone/install/sllidar_ros2' for CMake config files
[1.900s] Level 1:colcon.colcon_core.shell:create_environment_hook('sllidar_ros2', 'cmake_prefix_path')
[1.900s] INFO:colcon.colcon_core.shell:Creating environment hook '/home/hs/capstone/install/sllidar_ros2/share/sllidar_ros2/hook/cmake_prefix_path.ps1'
[1.901s] INFO:colcon.colcon_core.shell:Creating environment descriptor '/home/hs/capstone/install/sllidar_ros2/share/sllidar_ros2/hook/cmake_prefix_path.dsv'
[1.901s] INFO:colcon.colcon_core.shell:Creating environment hook '/home/hs/capstone/install/sllidar_ros2/share/sllidar_ros2/hook/cmake_prefix_path.sh'
[1.902s] Level 1:colcon.colcon_core.environment:checking '/home/hs/capstone/install/sllidar_ros2/lib'
[1.902s] Level 1:colcon.colcon_core.environment:checking '/home/hs/capstone/install/sllidar_ros2/bin'
[1.903s] Level 1:colcon.colcon_core.environment:checking '/home/hs/capstone/install/sllidar_ros2/lib/pkgconfig/sllidar_ros2.pc'
[1.903s] Level 1:colcon.colcon_core.environment:checking '/home/hs/capstone/install/sllidar_ros2/lib/python3.10/site-packages'
[1.903s] Level 1:colcon.colcon_core.environment:checking '/home/hs/capstone/install/sllidar_ros2/bin'
[1.904s] INFO:colcon.colcon_core.shell:Creating package script '/home/hs/capstone/install/sllidar_ros2/share/sllidar_ros2/package.ps1'
[1.905s] INFO:colcon.colcon_core.shell:Creating package descriptor '/home/hs/capstone/install/sllidar_ros2/share/sllidar_ros2/package.dsv'
[1.906s] INFO:colcon.colcon_core.shell:Creating package script '/home/hs/capstone/install/sllidar_ros2/share/sllidar_ros2/package.sh'
[1.907s] INFO:colcon.colcon_core.shell:Creating package script '/home/hs/capstone/install/sllidar_ros2/share/sllidar_ros2/package.bash'
[1.908s] INFO:colcon.colcon_core.shell:Creating package script '/home/hs/capstone/install/sllidar_ros2/share/sllidar_ros2/package.zsh'
[1.909s] Level 1:colcon.colcon_core.environment:create_file_with_runtime_dependencies(/home/hs/capstone/install/sllidar_ros2/share/colcon-core/packages/sllidar_ros2)
[1.910s] Level 1:colcon.colcon_core.environment:create_environment_scripts_only(sllidar_ros2)
[1.910s] Level 1:colcon.colcon_core.environment:checking '/home/hs/capstone/install/sllidar_ros2' for CMake module files
[1.911s] Level 1:colcon.colcon_core.environment:checking '/home/hs/capstone/install/sllidar_ros2' for CMake config files
[1.912s] Level 1:colcon.colcon_core.shell:create_environment_hook('sllidar_ros2', 'cmake_prefix_path')
[1.912s] INFO:colcon.colcon_core.shell:Creating environment hook '/home/hs/capstone/install/sllidar_ros2/share/sllidar_ros2/hook/cmake_prefix_path.ps1'
[1.913s] INFO:colcon.colcon_core.shell:Creating environment descriptor '/home/hs/capstone/install/sllidar_ros2/share/sllidar_ros2/hook/cmake_prefix_path.dsv'
[1.913s] INFO:colcon.colcon_core.shell:Creating environment hook '/home/hs/capstone/install/sllidar_ros2/share/sllidar_ros2/hook/cmake_prefix_path.sh'
[1.914s] Level 1:colcon.colcon_core.environment:checking '/home/hs/capstone/install/sllidar_ros2/lib'
[1.914s] Level 1:colcon.colcon_core.environment:checking '/home/hs/capstone/install/sllidar_ros2/bin'
[1.914s] Level 1:colcon.colcon_core.environment:checking '/home/hs/capstone/install/sllidar_ros2/lib/pkgconfig/sllidar_ros2.pc'
[1.914s] Level 1:colcon.colcon_core.environment:checking '/home/hs/capstone/install/sllidar_ros2/lib/python3.10/site-packages'
[1.915s] Level 1:colcon.colcon_core.environment:checking '/home/hs/capstone/install/sllidar_ros2/bin'
[1.916s] INFO:colcon.colcon_core.shell:Creating package script '/home/hs/capstone/install/sllidar_ros2/share/sllidar_ros2/package.ps1'
[1.916s] INFO:colcon.colcon_core.shell:Creating package descriptor '/home/hs/capstone/install/sllidar_ros2/share/sllidar_ros2/package.dsv'
[1.917s] INFO:colcon.colcon_core.shell:Creating package script '/home/hs/capstone/install/sllidar_ros2/share/sllidar_ros2/package.sh'
[1.918s] INFO:colcon.colcon_core.shell:Creating package script '/home/hs/capstone/install/sllidar_ros2/share/sllidar_ros2/package.bash'
[1.918s] INFO:colcon.colcon_core.shell:Creating package script '/home/hs/capstone/install/sllidar_ros2/share/sllidar_ros2/package.zsh'
[1.919s] Level 1:colcon.colcon_core.environment:create_file_with_runtime_dependencies(/home/hs/capstone/install/sllidar_ros2/share/colcon-core/packages/sllidar_ros2)
[2.490s] DEBUG:colcon.colcon_core.event_handler.log_command:Invoking command in '/home/hs/capstone/src/bno055': PYTHONPATH=/home/hs/capstone/build/bno055/prefix_override:/usr/lib/python3/dist-packages/colcon_core/task/python/colcon_distutils_commands:/home/hs/capstone/install/bno055/lib/python3.10/site-packages:${PYTHONPATH} /usr/bin/python3 -W ignore:setup.py install is deprecated -W ignore:easy_install command is deprecated setup.py egg_info --egg-base ../../build/bno055 build --build-base /home/hs/capstone/build/bno055/build install --record /home/hs/capstone/build/bno055/install.log --single-version-externally-managed install_data
[2.501s] DEBUG:colcon.colcon_core.event_handler.log_command:Invoking command in '/home/hs/capstone/src/nexus': PYTHONPATH=/home/hs/capstone/build/nexus/prefix_override:/usr/lib/python3/dist-packages/colcon_core/task/python/colcon_distutils_commands:/home/hs/capstone/install/nexus/lib/python3.10/site-packages:${PYTHONPATH} /usr/bin/python3 -W ignore:setup.py install is deprecated -W ignore:easy_install command is deprecated setup.py egg_info --egg-base ../../build/nexus build --build-base /home/hs/capstone/build/nexus/build install --record /home/hs/capstone/build/nexus/install.log --single-version-externally-managed install_data
[3.082s] Level 1:colcon.colcon_core.environment:checking '/home/hs/capstone/install/bno055' for CMake module files
[3.084s] DEBUG:colcon.colcon_core.event_handler.log_command:Invoked command in '/home/hs/capstone/src/bno055' returned '0': PYTHONPATH=/home/hs/capstone/build/bno055/prefix_override:/usr/lib/python3/dist-packages/colcon_core/task/python/colcon_distutils_commands:/home/hs/capstone/install/bno055/lib/python3.10/site-packages:${PYTHONPATH} /usr/bin/python3 -W ignore:setup.py install is deprecated -W ignore:easy_install command is deprecated setup.py egg_info --egg-base ../../build/bno055 build --build-base /home/hs/capstone/build/bno055/build install --record /home/hs/capstone/build/bno055/install.log --single-version-externally-managed install_data
[3.084s] Level 1:colcon.colcon_core.environment:checking '/home/hs/capstone/install/bno055' for CMake config files
[3.085s] Level 1:colcon.colcon_core.environment:checking '/home/hs/capstone/install/bno055/lib'
[3.085s] Level 1:colcon.colcon_core.environment:checking '/home/hs/capstone/install/bno055/bin'
[3.085s] Level 1:colcon.colcon_core.environment:checking '/home/hs/capstone/install/bno055/lib/pkgconfig/bno055.pc'
[3.086s] Level 1:colcon.colcon_core.environment:checking '/home/hs/capstone/install/bno055/lib/python3.10/site-packages'
[3.086s] Level 1:colcon.colcon_core.shell:create_environment_hook('bno055', 'pythonpath')
[3.086s] INFO:colcon.colcon_core.shell:Creating environment hook '/home/hs/capstone/install/bno055/share/bno055/hook/pythonpath.ps1'
[3.087s] INFO:colcon.colcon_core.shell:Creating environment descriptor '/home/hs/capstone/install/bno055/share/bno055/hook/pythonpath.dsv'
[3.088s] INFO:colcon.colcon_core.shell:Creating environment hook '/home/hs/capstone/install/bno055/share/bno055/hook/pythonpath.sh'
[3.089s] Level 1:colcon.colcon_core.environment:checking '/home/hs/capstone/install/bno055/bin'
[3.089s] Level 1:colcon.colcon_core.environment:create_environment_scripts_only(bno055)
[3.090s] INFO:colcon.colcon_core.shell:Creating package script '/home/hs/capstone/install/bno055/share/bno055/package.ps1'
[3.090s] INFO:colcon.colcon_core.shell:Creating package descriptor '/home/hs/capstone/install/bno055/share/bno055/package.dsv'
[3.091s] INFO:colcon.colcon_core.shell:Creating package script '/home/hs/capstone/install/bno055/share/bno055/package.sh'
[3.092s] INFO:colcon.colcon_core.shell:Creating package script '/home/hs/capstone/install/bno055/share/bno055/package.bash'
[3.092s] INFO:colcon.colcon_core.shell:Creating package script '/home/hs/capstone/install/bno055/share/bno055/package.zsh'
[3.093s] Level 1:colcon.colcon_core.environment:create_file_with_runtime_dependencies(/home/hs/capstone/install/bno055/share/colcon-core/packages/bno055)
[3.094s] Level 1:colcon.colcon_core.environment:checking '/home/hs/capstone/install/nexus' for CMake module files
[3.097s] Level 1:colcon.colcon_core.environment:checking '/home/hs/capstone/install/nexus' for CMake config files
[3.097s] DEBUG:colcon.colcon_core.event_handler.log_command:Invoked command in '/home/hs/capstone/src/nexus' returned '0': PYTHONPATH=/home/hs/capstone/build/nexus/prefix_override:/usr/lib/python3/dist-packages/colcon_core/task/python/colcon_distutils_commands:/home/hs/capstone/install/nexus/lib/python3.10/site-packages:${PYTHONPATH} /usr/bin/python3 -W ignore:setup.py install is deprecated -W ignore:easy_install command is deprecated setup.py egg_info --egg-base ../../build/nexus build --build-base /home/hs/capstone/build/nexus/build install --record /home/hs/capstone/build/nexus/install.log --single-version-externally-managed install_data
[3.098s] Level 1:colcon.colcon_core.environment:checking '/home/hs/capstone/install/nexus/lib'
[3.098s] Level 1:colcon.colcon_core.environment:checking '/home/hs/capstone/install/nexus/bin'
[3.098s] Level 1:colcon.colcon_core.environment:checking '/home/hs/capstone/install/nexus/lib/pkgconfig/nexus.pc'
[3.098s] Level 1:colcon.colcon_core.environment:checking '/home/hs/capstone/install/nexus/lib/python3.10/site-packages'
[3.098s] Level 1:colcon.colcon_core.shell:create_environment_hook('nexus', 'pythonpath')
[3.099s] INFO:colcon.colcon_core.shell:Creating environment hook '/home/hs/capstone/install/nexus/share/nexus/hook/pythonpath.ps1'
[3.100s] INFO:colcon.colcon_core.shell:Creating environment descriptor '/home/hs/capstone/install/nexus/share/nexus/hook/pythonpath.dsv'
[3.100s] INFO:colcon.colcon_core.shell:Creating environment hook '/home/hs/capstone/install/nexus/share/nexus/hook/pythonpath.sh'
[3.102s] Level 1:colcon.colcon_core.environment:checking '/home/hs/capstone/install/nexus/bin'
[3.102s] Level 1:colcon.colcon_core.environment:create_environment_scripts_only(nexus)
[3.102s] INFO:colcon.colcon_core.shell:Creating package script '/home/hs/capstone/install/nexus/share/nexus/package.ps1'
[3.103s] INFO:colcon.colcon_core.shell:Creating package descriptor '/home/hs/capstone/install/nexus/share/nexus/package.dsv'
[3.104s] INFO:colcon.colcon_core.shell:Creating package script '/home/hs/capstone/install/nexus/share/nexus/package.sh'
[3.105s] INFO:colcon.colcon_core.shell:Creating package script '/home/hs/capstone/install/nexus/share/nexus/package.bash'
[3.105s] INFO:colcon.colcon_core.shell:Creating package script '/home/hs/capstone/install/nexus/share/nexus/package.zsh'
[3.106s] Level 1:colcon.colcon_core.environment:create_file_with_runtime_dependencies(/home/hs/capstone/install/nexus/share/colcon-core/packages/nexus)
[3.106s] DEBUG:colcon.colcon_parallel_executor.executor.parallel:closing loop
[3.107s] DEBUG:colcon.colcon_parallel_executor.executor.parallel:loop closed
[3.107s] DEBUG:colcon.colcon_parallel_executor.executor.parallel:run_until_complete finished with '0'
[3.107s] DEBUG:colcon.colcon_core.event_reactor:joining thread
[3.118s] INFO:colcon.colcon_core.plugin_system:Skipping extension 'colcon_notification.desktop_notification.terminal_notifier': Not used on non-Darwin systems
[3.118s] INFO:colcon.colcon_core.plugin_system:Skipping extension 'colcon_notification.desktop_notification.win32': Not used on non-Windows systems
[3.118s] INFO:colcon.colcon_notification.desktop_notification:Sending desktop notification using 'notify2'
[3.135s] DEBUG:colcon.colcon_core.event_reactor:joined thread
[3.135s] INFO:colcon.colcon_core.shell:Creating prefix script '/home/hs/capstone/install/local_setup.ps1'
[3.137s] INFO:colcon.colcon_core.shell:Creating prefix util module '/home/hs/capstone/install/_local_setup_util_ps1.py'
[3.139s] INFO:colcon.colcon_core.shell:Creating prefix chain script '/home/hs/capstone/install/setup.ps1'
[3.141s] INFO:colcon.colcon_core.shell:Creating prefix script '/home/hs/capstone/install/local_setup.sh'
[3.142s] INFO:colcon.colcon_core.shell:Creating prefix util module '/home/hs/capstone/install/_local_setup_util_sh.py'
[3.143s] INFO:colcon.colcon_core.shell:Creating prefix chain script '/home/hs/capstone/install/setup.sh'
[3.145s] INFO:colcon.colcon_core.shell:Creating prefix script '/home/hs/capstone/install/local_setup.bash'
[3.146s] INFO:colcon.colcon_core.shell:Creating prefix chain script '/home/hs/capstone/install/setup.bash'
[3.147s] INFO:colcon.colcon_core.shell:Creating prefix script '/home/hs/capstone/install/local_setup.zsh'
[3.148s] INFO:colcon.colcon_core.shell:Creating prefix chain script '/home/hs/capstone/install/setup.zsh'
