/home/hs/capstone/install/nexus/lib/python3.10/site-packages/nexus/control_nexus.py
/home/hs/capstone/install/nexus/lib/python3.10/site-packages/nexus/test.py
/home/hs/capstone/install/nexus/lib/python3.10/site-packages/nexus/odom_serial_node.py
/home/hs/capstone/install/nexus/lib/python3.10/site-packages/nexus/joy_to_cmd_vel.py
/home/hs/capstone/install/nexus/lib/python3.10/site-packages/nexus/odom_monitor.py
/home/hs/capstone/install/nexus/lib/python3.10/site-packages/nexus/wheel_encoder.py
/home/hs/capstone/install/nexus/lib/python3.10/site-packages/nexus/__init__.py
/home/hs/capstone/install/nexus/lib/python3.10/site-packages/nexus/__pycache__/control_nexus.cpython-310.pyc
/home/hs/capstone/install/nexus/lib/python3.10/site-packages/nexus/__pycache__/test.cpython-310.pyc
/home/hs/capstone/install/nexus/lib/python3.10/site-packages/nexus/__pycache__/odom_serial_node.cpython-310.pyc
/home/hs/capstone/install/nexus/lib/python3.10/site-packages/nexus/__pycache__/joy_to_cmd_vel.cpython-310.pyc
/home/hs/capstone/install/nexus/lib/python3.10/site-packages/nexus/__pycache__/odom_monitor.cpython-310.pyc
/home/hs/capstone/install/nexus/lib/python3.10/site-packages/nexus/__pycache__/wheel_encoder.cpython-310.pyc
/home/hs/capstone/install/nexus/lib/python3.10/site-packages/nexus/__pycache__/__init__.cpython-310.pyc
/home/hs/capstone/install/nexus/share/ament_index/resource_index/packages/nexus
/home/hs/capstone/install/nexus/share/nexus/package.xml
/home/hs/capstone/install/nexus/share/nexus/launch/nexus_full_system.launch.py
/home/hs/capstone/install/nexus/lib/python3.10/site-packages/nexus-0.0.0-py3.10.egg-info/dependency_links.txt
/home/hs/capstone/install/nexus/lib/python3.10/site-packages/nexus-0.0.0-py3.10.egg-info/requires.txt
/home/hs/capstone/install/nexus/lib/python3.10/site-packages/nexus-0.0.0-py3.10.egg-info/PKG-INFO
/home/hs/capstone/install/nexus/lib/python3.10/site-packages/nexus-0.0.0-py3.10.egg-info/entry_points.txt
/home/hs/capstone/install/nexus/lib/python3.10/site-packages/nexus-0.0.0-py3.10.egg-info/zip-safe
/home/hs/capstone/install/nexus/lib/python3.10/site-packages/nexus-0.0.0-py3.10.egg-info/SOURCES.txt
/home/hs/capstone/install/nexus/lib/python3.10/site-packages/nexus-0.0.0-py3.10.egg-info/top_level.txt
/home/hs/capstone/install/nexus/lib/nexus/control_nexus
/home/hs/capstone/install/nexus/lib/nexus/joy_to_cmd_vel
/home/hs/capstone/install/nexus/lib/nexus/odom_monitor
/home/hs/capstone/install/nexus/lib/nexus/odom_serial_node
/home/hs/capstone/install/nexus/lib/nexus/test
/home/hs/capstone/install/nexus/lib/nexus/wheel_encoder
