running egg_info
creating ../../build/nexus/nexus.egg-info
writing ../../build/nexus/nexus.egg-info/PKG-INFO
writing dependency_links to ../../build/nexus/nexus.egg-info/dependency_links.txt
writing entry points to ../../build/nexus/nexus.egg-info/entry_points.txt
writing requirements to ../../build/nexus/nexus.egg-info/requires.txt
writing top-level names to ../../build/nexus/nexus.egg-info/top_level.txt
writing manifest file '../../build/nexus/nexus.egg-info/SOURCES.txt'
reading manifest file '../../build/nexus/nexus.egg-info/SOURCES.txt'
writing manifest file '../../build/nexus/nexus.egg-info/SOURCES.txt'
running build
running build_py
creating /home/hs/capstone/build/nexus/build
creating /home/hs/capstone/build/nexus/build/lib
creating /home/hs/capstone/build/nexus/build/lib/nexus
copying nexus/control_nexus.py -> /home/hs/capstone/build/nexus/build/lib/nexus
copying nexus/test.py -> /home/hs/capstone/build/nexus/build/lib/nexus
copying nexus/odom_serial_node.py -> /home/hs/capstone/build/nexus/build/lib/nexus
copying nexus/joy_to_cmd_vel.py -> /home/hs/capstone/build/nexus/build/lib/nexus
copying nexus/odom_monitor.py -> /home/hs/capstone/build/nexus/build/lib/nexus
copying nexus/wheel_encoder.py -> /home/hs/capstone/build/nexus/build/lib/nexus
copying nexus/__init__.py -> /home/hs/capstone/build/nexus/build/lib/nexus
running install
running install_lib
creating /home/hs/capstone/install/nexus/lib/python3.10/site-packages/nexus
copying /home/hs/capstone/build/nexus/build/lib/nexus/control_nexus.py -> /home/hs/capstone/install/nexus/lib/python3.10/site-packages/nexus
copying /home/hs/capstone/build/nexus/build/lib/nexus/test.py -> /home/hs/capstone/install/nexus/lib/python3.10/site-packages/nexus
copying /home/hs/capstone/build/nexus/build/lib/nexus/odom_serial_node.py -> /home/hs/capstone/install/nexus/lib/python3.10/site-packages/nexus
copying /home/hs/capstone/build/nexus/build/lib/nexus/joy_to_cmd_vel.py -> /home/hs/capstone/install/nexus/lib/python3.10/site-packages/nexus
copying /home/hs/capstone/build/nexus/build/lib/nexus/odom_monitor.py -> /home/hs/capstone/install/nexus/lib/python3.10/site-packages/nexus
copying /home/hs/capstone/build/nexus/build/lib/nexus/wheel_encoder.py -> /home/hs/capstone/install/nexus/lib/python3.10/site-packages/nexus
copying /home/hs/capstone/build/nexus/build/lib/nexus/__init__.py -> /home/hs/capstone/install/nexus/lib/python3.10/site-packages/nexus
byte-compiling /home/hs/capstone/install/nexus/lib/python3.10/site-packages/nexus/control_nexus.py to control_nexus.cpython-310.pyc
byte-compiling /home/hs/capstone/install/nexus/lib/python3.10/site-packages/nexus/test.py to test.cpython-310.pyc
byte-compiling /home/hs/capstone/install/nexus/lib/python3.10/site-packages/nexus/odom_serial_node.py to odom_serial_node.cpython-310.pyc
byte-compiling /home/hs/capstone/install/nexus/lib/python3.10/site-packages/nexus/joy_to_cmd_vel.py to joy_to_cmd_vel.cpython-310.pyc
byte-compiling /home/hs/capstone/install/nexus/lib/python3.10/site-packages/nexus/odom_monitor.py to odom_monitor.cpython-310.pyc
byte-compiling /home/hs/capstone/install/nexus/lib/python3.10/site-packages/nexus/wheel_encoder.py to wheel_encoder.cpython-310.pyc
byte-compiling /home/hs/capstone/install/nexus/lib/python3.10/site-packages/nexus/__init__.py to __init__.cpython-310.pyc
running install_data
creating /home/hs/capstone/install/nexus/share/ament_index
creating /home/hs/capstone/install/nexus/share/ament_index/resource_index
creating /home/hs/capstone/install/nexus/share/ament_index/resource_index/packages
copying resource/nexus -> /home/hs/capstone/install/nexus/share/ament_index/resource_index/packages
copying package.xml -> /home/hs/capstone/install/nexus/share/nexus
creating /home/hs/capstone/install/nexus/share/nexus/launch
copying launch/nexus_full_system.launch.py -> /home/hs/capstone/install/nexus/share/nexus/launch
running install_egg_info
Copying ../../build/nexus/nexus.egg-info to /home/hs/capstone/install/nexus/lib/python3.10/site-packages/nexus-0.0.0-py3.10.egg-info
running install_scripts
Installing control_nexus script to /home/hs/capstone/install/nexus/lib/nexus
Installing joy_to_cmd_vel script to /home/hs/capstone/install/nexus/lib/nexus
Installing odom_monitor script to /home/hs/capstone/install/nexus/lib/nexus
Installing odom_serial_node script to /home/hs/capstone/install/nexus/lib/nexus
Installing test script to /home/hs/capstone/install/nexus/lib/nexus
Installing wheel_encoder script to /home/hs/capstone/install/nexus/lib/nexus
writing list of installed files to '/home/hs/capstone/build/nexus/install.log'
