[1.200s] Invoking command in '/home/hs/capstone/src/nexus': PYTHONPATH=/home/hs/capstone/build/nexus/prefix_override:/usr/lib/python3/dist-packages/colcon_core/task/python/colcon_distutils_commands:/home/hs/capstone/install/nexus/lib/python3.10/site-packages:${PYTHONPATH} /usr/bin/python3 -W ignore:setup.py install is deprecated -W ignore:easy_install command is deprecated setup.py egg_info --egg-base ../../build/nexus build --build-base /home/hs/capstone/build/nexus/build install --record /home/hs/capstone/build/nexus/install.log --single-version-externally-managed install_data
[1.636s] running egg_info
[1.637s] creating ../../build/nexus/nexus.egg-info
[1.638s] writing ../../build/nexus/nexus.egg-info/PKG-INFO
[1.638s] writing dependency_links to ../../build/nexus/nexus.egg-info/dependency_links.txt
[1.638s] writing entry points to ../../build/nexus/nexus.egg-info/entry_points.txt
[1.638s] writing requirements to ../../build/nexus/nexus.egg-info/requires.txt
[1.638s] writing top-level names to ../../build/nexus/nexus.egg-info/top_level.txt
[1.639s] writing manifest file '../../build/nexus/nexus.egg-info/SOURCES.txt'
[1.641s] reading manifest file '../../build/nexus/nexus.egg-info/SOURCES.txt'
[1.642s] writing manifest file '../../build/nexus/nexus.egg-info/SOURCES.txt'
[1.643s] running build
[1.643s] running build_py
[1.643s] creating /home/hs/capstone/build/nexus/build
[1.643s] creating /home/hs/capstone/build/nexus/build/lib
[1.643s] creating /home/hs/capstone/build/nexus/build/lib/nexus
[1.643s] copying nexus/control_nexus.py -> /home/hs/capstone/build/nexus/build/lib/nexus
[1.644s] copying nexus/test.py -> /home/hs/capstone/build/nexus/build/lib/nexus
[1.644s] copying nexus/odom_serial_node.py -> /home/hs/capstone/build/nexus/build/lib/nexus
[1.644s] copying nexus/joy_to_cmd_vel.py -> /home/hs/capstone/build/nexus/build/lib/nexus
[1.644s] copying nexus/odom_monitor.py -> /home/hs/capstone/build/nexus/build/lib/nexus
[1.644s] copying nexus/wheel_encoder.py -> /home/hs/capstone/build/nexus/build/lib/nexus
[1.644s] copying nexus/__init__.py -> /home/hs/capstone/build/nexus/build/lib/nexus
[1.644s] running install
[1.644s] running install_lib
[1.646s] creating /home/hs/capstone/install/nexus/lib/python3.10/site-packages/nexus
[1.646s] copying /home/hs/capstone/build/nexus/build/lib/nexus/control_nexus.py -> /home/hs/capstone/install/nexus/lib/python3.10/site-packages/nexus
[1.646s] copying /home/hs/capstone/build/nexus/build/lib/nexus/test.py -> /home/hs/capstone/install/nexus/lib/python3.10/site-packages/nexus
[1.646s] copying /home/hs/capstone/build/nexus/build/lib/nexus/odom_serial_node.py -> /home/hs/capstone/install/nexus/lib/python3.10/site-packages/nexus
[1.646s] copying /home/hs/capstone/build/nexus/build/lib/nexus/joy_to_cmd_vel.py -> /home/hs/capstone/install/nexus/lib/python3.10/site-packages/nexus
[1.646s] copying /home/hs/capstone/build/nexus/build/lib/nexus/odom_monitor.py -> /home/hs/capstone/install/nexus/lib/python3.10/site-packages/nexus
[1.646s] copying /home/hs/capstone/build/nexus/build/lib/nexus/wheel_encoder.py -> /home/hs/capstone/install/nexus/lib/python3.10/site-packages/nexus
[1.646s] copying /home/hs/capstone/build/nexus/build/lib/nexus/__init__.py -> /home/hs/capstone/install/nexus/lib/python3.10/site-packages/nexus
[1.647s] byte-compiling /home/hs/capstone/install/nexus/lib/python3.10/site-packages/nexus/control_nexus.py to control_nexus.cpython-310.pyc
[1.648s] byte-compiling /home/hs/capstone/install/nexus/lib/python3.10/site-packages/nexus/test.py to test.cpython-310.pyc
[1.649s] byte-compiling /home/hs/capstone/install/nexus/lib/python3.10/site-packages/nexus/odom_serial_node.py to odom_serial_node.cpython-310.pyc
[1.651s] byte-compiling /home/hs/capstone/install/nexus/lib/python3.10/site-packages/nexus/joy_to_cmd_vel.py to joy_to_cmd_vel.cpython-310.pyc
[1.652s] byte-compiling /home/hs/capstone/install/nexus/lib/python3.10/site-packages/nexus/odom_monitor.py to odom_monitor.cpython-310.pyc
[1.653s] byte-compiling /home/hs/capstone/install/nexus/lib/python3.10/site-packages/nexus/wheel_encoder.py to wheel_encoder.cpython-310.pyc
[1.654s] byte-compiling /home/hs/capstone/install/nexus/lib/python3.10/site-packages/nexus/__init__.py to __init__.cpython-310.pyc
[1.655s] running install_data
[1.655s] creating /home/hs/capstone/install/nexus/share/ament_index
[1.655s] creating /home/hs/capstone/install/nexus/share/ament_index/resource_index
[1.655s] creating /home/hs/capstone/install/nexus/share/ament_index/resource_index/packages
[1.655s] copying resource/nexus -> /home/hs/capstone/install/nexus/share/ament_index/resource_index/packages
[1.655s] copying package.xml -> /home/hs/capstone/install/nexus/share/nexus
[1.655s] creating /home/hs/capstone/install/nexus/share/nexus/launch
[1.655s] copying launch/nexus_full_system.launch.py -> /home/hs/capstone/install/nexus/share/nexus/launch
[1.656s] running install_egg_info
[1.658s] Copying ../../build/nexus/nexus.egg-info to /home/hs/capstone/install/nexus/lib/python3.10/site-packages/nexus-0.0.0-py3.10.egg-info
[1.659s] running install_scripts
[1.689s] Installing control_nexus script to /home/hs/capstone/install/nexus/lib/nexus
[1.689s] Installing joy_to_cmd_vel script to /home/hs/capstone/install/nexus/lib/nexus
[1.689s] Installing odom_monitor script to /home/hs/capstone/install/nexus/lib/nexus
[1.689s] Installing odom_serial_node script to /home/hs/capstone/install/nexus/lib/nexus
[1.690s] Installing test script to /home/hs/capstone/install/nexus/lib/nexus
[1.690s] Installing wheel_encoder script to /home/hs/capstone/install/nexus/lib/nexus
[1.690s] writing list of installed files to '/home/hs/capstone/build/nexus/install.log'
[1.721s] Invoked command in '/home/hs/capstone/src/nexus' returned '0': PYTHONPATH=/home/hs/capstone/build/nexus/prefix_override:/usr/lib/python3/dist-packages/colcon_core/task/python/colcon_distutils_commands:/home/hs/capstone/install/nexus/lib/python3.10/site-packages:${PYTHONPATH} /usr/bin/python3 -W ignore:setup.py install is deprecated -W ignore:easy_install command is deprecated setup.py egg_info --egg-base ../../build/nexus build --build-base /home/hs/capstone/build/nexus/build install --record /home/hs/capstone/build/nexus/install.log --single-version-externally-managed install_data
